<?xml version="1.0" encoding="UTF-8"?>
<!-- Generated by org.testng.reporters.JUnitReportReporter -->
<testsuite hostname="DESKTOP-NRJLUV5" failures="0" tests="2" name="com.qa.testcases.homePageTest" time="29.237" errors="0" timestamp="27 Sep 2021 20:11:28 GMT" skipped="1">
  <testcase classname="com.qa.testcases.homePageTest" name="enterTravelDetails" time="27.072">
    <skipped/>
  </testcase> <!-- enterTravelDetails -->
  <testcase classname="com.qa.testcases.homePageTest" name="clickONFlightTab" time="2.165"/>
</testsuite> <!-- com.qa.testcases.homePageTest -->
