<?xml version="1.0" encoding="UTF-8"?>
<!-- Generated by org.testng.reporters.JUnitReportReporter -->
<testsuite hostname="DESKTOP-NRJLUV5" failures="0" tests="2" name="com.qa.testcases.homePageTest" time="33.751" errors="0" timestamp="22 Sep 2021 20:52:37 GMT" skipped="1">
  <testcase classname="com.qa.testcases.homePageTest" name="enterTravelDetails" time="32.923">
    <skipped/>
  </testcase> <!-- enterTravelDetails -->
  <testcase classname="com.qa.testcases.homePageTest" name="clickONFlightTab" time="0.828"/>
</testsuite> <!-- com.qa.testcases.homePageTest -->
